# JRE version: Java(TM) SE Runtime Environment (19.0.1+10) (build 19.0.1+10-21)
# Java VM: Java HotSpot(TM) 64-Bit Server VM (19.0.1+10-21, mixed mode, sharing, tiered, compressed oops, compressed class ptrs, g1 gc, windows-amd64)
GC Precious Log:
 CardTable entry size: 512
 Card Set container configuration: InlinePtr #cards 5 size 8 Array Of Cards #cards 12 size 40 Howl #buckets 4 coarsen threshold 1843 Howl Bitmap #cards 512 size 80 coarsen threshold 460 Card regions per heap region 1 cards per card region 2048
 CPUs: 4 total, 4 available
 Memory: 3902M
 Large Page Support: Disabled
 NUMA Support: Disabled
 Compressed Oops: Enabled (32-bit)
 Heap Region Size: 1M
 Heap Min Capacity: 8M
 Heap Initial Capacity: 62M
 Heap Max Capacity: 976M
 Pre-touch: Disabled
 Parallel Workers: 4
 Concurrent Workers: 1
 Concurrent Refinement Workers: 4
 Periodic GC: Disabled
Heap:
 garbage-first heap   total 471040K, used 333199K [0x00000000c3000000, 0x0000000100000000)
  region size 1024K, 2 young (2048K), 1 survivors (1024K)
 Metaspace       used 80470K, committed 81216K, reserved 1179648K
  class space    used 10366K, committed 10752K, reserved 1048576K
GC Heap History (20 events):
Event: 20.305 GC heap before
{Heap before GC invocations=27 (full 0):
 garbage-first heap   total 189440K, used 131525K [0x00000000c3000000, 0x0000000100000000)
  region size 1024K, 84 young (86016K), 13 survivors (13312K)
 Metaspace       used 33625K, committed 34176K, reserved 1114112K
  class space    used 4176K, committed 4416K, reserved 1048576K
}
Event: 20.346 GC heap after
{Heap after GC invocations=28 (full 0):
 garbage-first heap   total 189440K, used 59547K [0x00000000c3000000, 0x0000000100000000)
  region size 1024K, 3 young (3072K), 3 survivors (3072K)
 Metaspace       used 33625K, committed 34176K, reserved 1114112K
  class space    used 4176K, committed 4416K, reserved 1048576K
}
Event: 21.892 GC heap before
{Heap before GC invocations=28 (full 0):
 garbage-first heap   total 189440K, used 136347K [0x00000000c3000000, 0x0000000100000000)
  region size 1024K, 79 young (80896K), 3 survivors (3072K)
 Metaspace       used 34001K, committed 34560K, reserved 1114112K
  class space    used 4227K, committed 4480K, reserved 1048576K
}
Event: 21.899 GC heap after
{Heap after GC invocations=29 (full 0):
 garbage-first heap   total 189440K, used 58981K [0x00000000c3000000, 0x0000000100000000)
  region size 1024K, 2 young (2048K), 2 survivors (2048K)
 Metaspace       used 34001K, committed 34560K, reserved 1114112K
  class space    used 4227K, committed 4480K, reserved 1048576K
}
Event: 26.598 GC heap before
{Heap before GC invocations=29 (full 0):
 garbage-first heap   total 189440K, used 147045K [0x00000000c3000000, 0x0000000100000000)
  region size 1024K, 88 young (90112K), 2 survivors (2048K)
 Metaspace       used 40906K, committed 41536K, reserved 1114112K
  class space    used 5035K, committed 5312K, reserved 1048576K
}
Event: 26.622 GC heap after
{Heap after GC invocations=30 (full 0):
 garbage-first heap   total 189440K, used 60573K [0x00000000c3000000, 0x0000000100000000)
  region size 1024K, 4 young (4096K), 4 survivors (4096K)
 Metaspace       used 40906K, committed 41536K, reserved 1114112K
  class space    used 5035K, committed 5312K, reserved 1048576K
}
Event: 28.335 GC heap before
{Heap before GC invocations=30 (full 0):
 garbage-first heap   total 189440K, used 149661K [0x00000000c3000000, 0x0000000100000000)
  region size 1024K, 91 young (93184K), 4 survivors (4096K)
 Metaspace       used 42445K, committed 43008K, reserved 1114112K
  class space    used 5234K, committed 5504K, reserved 1048576K
}
Event: 28.352 GC heap after
{Heap after GC invocations=31 (full 0):
 garbage-first heap   total 189440K, used 61263K [0x00000000c3000000, 0x0000000100000000)
  region size 1024K, 5 young (5120K), 5 survivors (5120K)
 Metaspace       used 42445K, committed 43008K, reserved 1114112K
  class space    used 5234K, committed 5504K, reserved 1048576K
}
Event: 32.344 GC heap before
{Heap before GC invocations=31 (full 0):
 garbage-first heap   total 189440K, used 151375K [0x00000000c3000000, 0x0000000100000000)
  region size 1024K, 94 young (96256K), 5 survivors (5120K)
 Metaspace       used 55419K, committed 56064K, reserved 1114112K
  class space    used 6980K, committed 7296K, reserved 1048576K
}
Event: 32.403 GC heap after
{Heap after GC invocations=32 (full 0):
 garbage-first heap   total 189440K, used 64370K [0x00000000c3000000, 0x0000000100000000)
  region size 1024K, 8 young (8192K), 8 survivors (8192K)
 Metaspace       used 55419K, committed 56064K, reserved 1114112K
  class space    used 6980K, committed 7296K, reserved 1048576K
}
Event: 32.751 GC heap before
{Heap before GC invocations=32 (full 0):
 garbage-first heap   total 189440K, used 68466K [0x00000000c3000000, 0x0000000100000000)
  region size 1024K, 13 young (13312K), 8 survivors (8192K)
 Metaspace       used 56319K, committed 56896K, reserved 1114112K
  class space    used 7094K, committed 7360K, reserved 1048576K
}
Event: 32.780 GC heap after
{Heap after GC invocations=33 (full 0):
 garbage-first heap   total 189440K, used 65143K [0x00000000c3000000, 0x0000000100000000)
  region size 1024K, 5 young (5120K), 5 survivors (5120K)
 Metaspace       used 56319K, committed 56896K, reserved 1114112K
  class space    used 7094K, committed 7360K, reserved 1048576K
}
Event: 38.271 GC heap before
{Heap before GC invocations=34 (full 0):
 garbage-first heap   total 189440K, used 154231K [0x00000000c3000000, 0x0000000100000000)
  region size 1024K, 93 young (95232K), 5 survivors (5120K)
 Metaspace       used 72837K, committed 73536K, reserved 1114112K
  class space    used 9447K, committed 9792K, reserved 1048576K
}
Event: 38.307 GC heap after
{Heap after GC invocations=35 (full 0):
 garbage-first heap   total 189440K, used 73432K [0x00000000c3000000, 0x0000000100000000)
  region size 1024K, 12 young (12288K), 12 survivors (12288K)
 Metaspace       used 72837K, committed 73536K, reserved 1114112K
  class space    used 9447K, committed 9792K, reserved 1048576K
}
Event: 38.509 GC heap before
{Heap before GC invocations=35 (full 0):
 garbage-first heap   total 189440K, used 74456K [0x00000000c3000000, 0x0000000100000000)
  region size 1024K, 13 young (13312K), 12 survivors (12288K)
 Metaspace       used 72861K, committed 73600K, reserved 1114112K
  class space    used 9447K, committed 9792K, reserved 1048576K
}
Event: 38.618 GC heap after
{Heap after GC invocations=36 (full 0):
 garbage-first heap   total 189440K, used 66461K [0x00000000c3000000, 0x0000000100000000)
  region size 1024K, 2 young (2048K), 2 survivors (2048K)
 Metaspace       used 72861K, committed 73600K, reserved 1114112K
  class space    used 9447K, committed 9792K, reserved 1048576K
}
Event: 58.865 GC heap before
{Heap before GC invocations=36 (full 0):
 garbage-first heap   total 267264K, used 253853K [0x00000000c3000000, 0x0000000100000000)
  region size 1024K, 77 young (78848K), 2 survivors (2048K)
 Metaspace       used 80476K, committed 81216K, reserved 1179648K
  class space    used 10367K, committed 10752K, reserved 1048576K
}
Event: 59.103 GC heap after
{Heap after GC invocations=37 (full 0):
 garbage-first heap   total 267264K, used 186832K [0x00000000c3000000, 0x0000000100000000)
  region size 1024K, 10 young (10240K), 10 survivors (10240K)
 Metaspace       used 80476K, committed 81216K, reserved 1179648K
  class space    used 10367K, committed 10752K, reserved 1048576K
}
Event: 59.289 GC heap before
{Heap before GC invocations=37 (full 0):
 garbage-first heap   total 267264K, used 241104K [0x00000000c3000000, 0x0000000100000000)
  region size 1024K, 11 young (11264K), 10 survivors (10240K)
 Metaspace       used 80476K, committed 81216K, reserved 1179648K
  class space    used 10367K, committed 10752K, reserved 1048576K
}
Event: 59.385 GC heap after
{Heap after GC invocations=38 (full 0):
 garbage-first heap   total 267264K, used 242063K [0x00000000c3000000, 0x0000000100000000)
  region size 1024K, 1 young (1024K), 1 survivors (1024K)
 Metaspace       used 80476K, committed 81216K, reserved 1179648K
  class space    used 10367K, committed 10752K, reserved 1048576K
}

